<?xml version="1.0" encoding="UTF-8"?>
<testng-results ignored="0" total="1" passed="0" failed="1" skipped="0">
  <reporter-output>
  </reporter-output>
  <suite started-at="2020-05-18T09:18:31Z" name="Default suite" finished-at="2020-05-18T09:18:45Z" duration-ms="14754">
    <groups>
    </groups>
    <test started-at="2020-05-18T09:18:31Z" name="Default test" finished-at="2020-05-18T09:18:45Z" duration-ms="14754">
      <class name="testNg.Dinesh">
        <test-method signature="Testcase1()[pri:0, instance:testNg.Dinesh@240237d2]" started-at="2020-05-18T09:18:31Z" name="Testcase1" finished-at="2020-05-18T09:18:45Z" duration-ms="14694" status="FAIL">
          <exception class="org.openqa.selenium.SessionNotCreatedException">
            <message>
              <![CDATA[session not created
from chrome not reachable
  (Session info: chrome=81.0.4044.138)
Build info: version: '3.141.59', revision: 'e82be7d358', time: '2018-11-14T08:25:53'
System info: host: 'DESKTOP-5879NR8', ip: '172.20.10.7', os.name: 'Windows 10', os.arch: 'amd64', os.version: '10.0', java.version: '14.0.1'
Driver info: driver.version: ChromeDriver
remote stacktrace: Backtrace:
Ordinal0 [0x011D5F73+2449267]
Ordinal0 [0x01108361+1606497]
Ordinal0 [0x00FFF812+522258]
Ordinal0 [0x00FF95B2+497074]
Ordinal0 [0x00FF9C9B+498843]
Ordinal0 [0x00FFABF5+502773]
Ordinal0 [0x00FF6724+485156]
Ordinal0 [0x01000600+525824]
Ordinal0 [0x00FACBB9+183225]
Ordinal0 [0x00FABF2D+180013]
Ordinal0 [0x00FA9E5B+171611]
Ordinal0 [0x00F91DD8+73176]
Ordinal0 [0x00F92E50+77392]
Ordinal0 [0x00F92DE9+77289]
Ordinal0 [0x0111D8D7+1693911]
GetHandleVerifier [0x01274036+522726]
GetHandleVerifier [0x01273D74+522020]
GetHandleVerifier [0x01289187+609079]
GetHandleVerifier [0x012748A6+524886]
Ordinal0 [0x01115CBC+1662140]
Ordinal0 [0x0111F23B+1700411]
Ordinal0 [0x0111F3A3+1700771]
Ordinal0 [0x01135215+1790485]
BaseThreadInitThunk [0x76996359+25]
RtlGetAppContainerNamedObjectPath [0x770D7C24+228]
RtlGetAppContainerNamedObjectPath [0x770D7BF4+180]
]]>
            </message>
            <full-stacktrace>
              <![CDATA[org.openqa.selenium.SessionNotCreatedException: session not created
from chrome not reachable
  (Session info: chrome=81.0.4044.138)
Build info: version: '3.141.59', revision: 'e82be7d358', time: '2018-11-14T08:25:53'
System info: host: 'DESKTOP-5879NR8', ip: '172.20.10.7', os.name: 'Windows 10', os.arch: 'amd64', os.version: '10.0', java.version: '14.0.1'
Driver info: driver.version: ChromeDriver
remote stacktrace: Backtrace:
Ordinal0 [0x011D5F73+2449267]
Ordinal0 [0x01108361+1606497]
Ordinal0 [0x00FFF812+522258]
Ordinal0 [0x00FF95B2+497074]
Ordinal0 [0x00FF9C9B+498843]
Ordinal0 [0x00FFABF5+502773]
Ordinal0 [0x00FF6724+485156]
Ordinal0 [0x01000600+525824]
Ordinal0 [0x00FACBB9+183225]
Ordinal0 [0x00FABF2D+180013]
Ordinal0 [0x00FA9E5B+171611]
Ordinal0 [0x00F91DD8+73176]
Ordinal0 [0x00F92E50+77392]
Ordinal0 [0x00F92DE9+77289]
Ordinal0 [0x0111D8D7+1693911]
GetHandleVerifier [0x01274036+522726]
GetHandleVerifier [0x01273D74+522020]
GetHandleVerifier [0x01289187+609079]
GetHandleVerifier [0x012748A6+524886]
Ordinal0 [0x01115CBC+1662140]
Ordinal0 [0x0111F23B+1700411]
Ordinal0 [0x0111F3A3+1700771]
Ordinal0 [0x01135215+1790485]
BaseThreadInitThunk [0x76996359+25]
RtlGetAppContainerNamedObjectPath [0x770D7C24+228]
RtlGetAppContainerNamedObjectPath [0x770D7BF4+180]

at java.base/jdk.internal.reflect.NativeConstructorAccessorImpl.newInstance0(Native Method)
at java.base/jdk.internal.reflect.NativeConstructorAccessorImpl.newInstance(NativeConstructorAccessorImpl.java:62)
at java.base/jdk.internal.reflect.DelegatingConstructorAccessorImpl.newInstance(DelegatingConstructorAccessorImpl.java:45)
at java.base/java.lang.reflect.Constructor.newInstanceWithCaller(Constructor.java:500)
at java.base/java.lang.reflect.Constructor.newInstance(Constructor.java:481)
at org.openqa.selenium.remote.W3CHandshakeResponse.lambda$errorHandler$0(W3CHandshakeResponse.java:62)
at org.openqa.selenium.remote.HandshakeResponse.lambda$getResponseFunction$0(HandshakeResponse.java:30)
at org.openqa.selenium.remote.ProtocolHandshake.lambda$createSession$0(ProtocolHandshake.java:126)
at java.base/java.util.stream.ReferencePipeline$3$1.accept(ReferencePipeline.java:195)
at java.base/java.util.Spliterators$ArraySpliterator.tryAdvance(Spliterators.java:958)
at java.base/java.util.stream.ReferencePipeline.forEachWithCancel(ReferencePipeline.java:127)
at java.base/java.util.stream.AbstractPipeline.copyIntoWithCancel(AbstractPipeline.java:502)
at java.base/java.util.stream.AbstractPipeline.copyInto(AbstractPipeline.java:488)
at java.base/java.util.stream.AbstractPipeline.wrapAndCopyInto(AbstractPipeline.java:474)
at java.base/java.util.stream.FindOps$FindOp.evaluateSequential(FindOps.java:150)
at java.base/java.util.stream.AbstractPipeline.evaluate(AbstractPipeline.java:234)
at java.base/java.util.stream.ReferencePipeline.findFirst(ReferencePipeline.java:543)
at org.openqa.selenium.remote.ProtocolHandshake.createSession(ProtocolHandshake.java:128)
at org.openqa.selenium.remote.ProtocolHandshake.createSession(ProtocolHandshake.java:74)
at org.openqa.selenium.remote.HttpCommandExecutor.execute(HttpCommandExecutor.java:136)
at org.openqa.selenium.remote.service.DriverCommandExecutor.execute(DriverCommandExecutor.java:83)
at org.openqa.selenium.remote.RemoteWebDriver.execute(RemoteWebDriver.java:552)
at org.openqa.selenium.remote.RemoteWebDriver.startSession(RemoteWebDriver.java:213)
at org.openqa.selenium.remote.RemoteWebDriver.<init>(RemoteWebDriver.java:131)
at org.openqa.selenium.chrome.ChromeDriver.<init>(ChromeDriver.java:181)
at org.openqa.selenium.chrome.ChromeDriver.<init>(ChromeDriver.java:168)
at org.openqa.selenium.chrome.ChromeDriver.<init>(ChromeDriver.java:123)
at testNg.Dinesh.Testcase1(Dinesh.java:12)
at java.base/jdk.internal.reflect.NativeMethodAccessorImpl.invoke0(Native Method)
at java.base/jdk.internal.reflect.NativeMethodAccessorImpl.invoke(NativeMethodAccessorImpl.java:62)
at java.base/jdk.internal.reflect.DelegatingMethodAccessorImpl.invoke(DelegatingMethodAccessorImpl.java:43)
at java.base/java.lang.reflect.Method.invoke(Method.java:564)
at org.testng.internal.MethodInvocationHelper.invokeMethod(MethodInvocationHelper.java:124)
at org.testng.internal.Invoker.invokeMethod(Invoker.java:583)
at org.testng.internal.Invoker.invokeTestMethod(Invoker.java:719)
at org.testng.internal.Invoker.invokeTestMethods(Invoker.java:989)
at org.testng.internal.TestMethodWorker.invokeTestMethods(TestMethodWorker.java:125)
at org.testng.internal.TestMethodWorker.run(TestMethodWorker.java:109)
at org.testng.TestRunner.privateRun(TestRunner.java:648)
at org.testng.TestRunner.run(TestRunner.java:505)
at org.testng.SuiteRunner.runTest(SuiteRunner.java:455)
at org.testng.SuiteRunner.runSequentially(SuiteRunner.java:450)
at org.testng.SuiteRunner.privateRun(SuiteRunner.java:415)
at org.testng.SuiteRunner.run(SuiteRunner.java:364)
at org.testng.SuiteRunnerWorker.runSuite(SuiteRunnerWorker.java:52)
at org.testng.SuiteRunnerWorker.run(SuiteRunnerWorker.java:84)
at org.testng.TestNG.runSuitesSequentially(TestNG.java:1208)
at org.testng.TestNG.runSuitesLocally(TestNG.java:1137)
at org.testng.TestNG.runSuites(TestNG.java:1049)
at org.testng.TestNG.run(TestNG.java:1017)
at org.testng.remote.AbstractRemoteTestNG.run(AbstractRemoteTestNG.java:115)
at org.testng.remote.RemoteTestNG.initAndRun(RemoteTestNG.java:251)
at org.testng.remote.RemoteTestNG.main(RemoteTestNG.java:77)
]]>
            </full-stacktrace>
          </exception> <!-- org.openqa.selenium.SessionNotCreatedException -->
          <reporter-output>
          </reporter-output>
        </test-method> <!-- Testcase1 -->
      </class> <!-- testNg.Dinesh -->
    </test> <!-- Default test -->
  </suite> <!-- Default suite -->
</testng-results>
